2021-09-09 03:33:07 [-][-][-][error][yii\db\Exception] exception 'PDOException' with message 'SQLSTATE[HY000] [1049] Unknown database 'yii2advanced'' in C:\wamp64\www\yii2avanzado\vendor\yiisoft\yii2\db\Connection.php:723
Stack trace:
#0 C:\wamp64\www\yii2avanzado\vendor\yiisoft\yii2\db\Connection.php(723): PDO->__construct('mysql:host=loca...', 'root', '', NULL)
#1 C:\wamp64\www\yii2avanzado\vendor\yiisoft\yii2\db\Connection.php(638): yii\db\Connection->createPdoInstance()
#2 C:\wamp64\www\yii2avanzado\vendor\yiisoft\yii2\db\Connection.php(1063): yii\db\Connection->open()
#3 C:\wamp64\www\yii2avanzado\vendor\yiisoft\yii2\db\Connection.php(1050): yii\db\Connection->getMasterPdo()
#4 C:\wamp64\www\yii2avanzado\vendor\yiisoft\yii2\db\Command.php(261): yii\db\Connection->getSlavePdo()
#5 C:\wamp64\www\yii2avanzado\vendor\yiisoft\yii2\db\Command.php(1163): yii\db\Command->prepare(true)
#6 C:\wamp64\www\yii2avanzado\vendor\yiisoft\yii2\db\Command.php(410): yii\db\Command->queryInternal('fetchAll', NULL)
#7 C:\wamp64\www\yii2avanzado\vendor\yiisoft\yii2\db\mysql\Schema.php(319): yii\db\Command->queryAll()
#8 C:\wamp64\www\yii2avanzado\vendor\yiisoft\yii2\db\mysql\Schema.php(125): yii\db\mysql\Schema->findColumns(Object(yii\db\TableSchema))
#9 C:\wamp64\www\yii2avanzado\vendor\yiisoft\yii2\db\Schema.php(758): yii\db\mysql\Schema->loadTableSchema('migration')
#10 C:\wamp64\www\yii2avanzado\vendor\yiisoft\yii2\db\Schema.php(194): yii\db\Schema->getTableMetadata('{{%migration}}', 'schema', true)
#11 C:\wamp64\www\yii2avanzado\vendor\yiisoft\yii2\console\controllers\MigrateController.php(211): yii\db\Schema->getTableSchema('{{%migration}}', true)
#12 C:\wamp64\www\yii2avanzado\vendor\yiisoft\yii2\console\controllers\BaseMigrateController.php(908): yii\console\controllers\MigrateController->getMigrationHistory(NULL)
#13 C:\wamp64\www\yii2avanzado\vendor\yiisoft\yii2\console\controllers\BaseMigrateController.php(183): yii\console\controllers\BaseMigrateController->getNewMigrations()
#14 [internal function]: yii\console\controllers\BaseMigrateController->actionUp(0)
#15 C:\wamp64\www\yii2avanzado\vendor\yiisoft\yii2\base\InlineAction.php(57): call_user_func_array(Array, Array)
#16 C:\wamp64\www\yii2avanzado\vendor\yiisoft\yii2\base\Controller.php(181): yii\base\InlineAction->runWithParams(Array)
#17 C:\wamp64\www\yii2avanzado\vendor\yiisoft\yii2\console\Controller.php(184): yii\base\Controller->runAction('', Array)
#18 C:\wamp64\www\yii2avanzado\vendor\yiisoft\yii2\base\Module.php(534): yii\console\Controller->runAction('', Array)
#19 C:\wamp64\www\yii2avanzado\vendor\yiisoft\yii2\console\Application.php(181): yii\base\Module->runAction('migrate', Array)
#20 C:\wamp64\www\yii2avanzado\vendor\yiisoft\yii2\console\Application.php(148): yii\console\Application->runAction('migrate', Array)
#21 C:\wamp64\www\yii2avanzado\vendor\yiisoft\yii2\base\Application.php(392): yii\console\Application->handleRequest(Object(yii\console\Request))
#22 C:\wamp64\www\yii2avanzado\yii(23): yii\base\Application->run()
#23 {main}

Next exception 'yii\db\Exception' with message 'SQLSTATE[HY000] [1049] Unknown database 'yii2advanced'' in C:\wamp64\www\yii2avanzado\vendor\yiisoft\yii2\db\Connection.php:649
Stack trace:
#0 C:\wamp64\www\yii2avanzado\vendor\yiisoft\yii2\db\Connection.php(1063): yii\db\Connection->open()
#1 C:\wamp64\www\yii2avanzado\vendor\yiisoft\yii2\db\Connection.php(1050): yii\db\Connection->getMasterPdo()
#2 C:\wamp64\www\yii2avanzado\vendor\yiisoft\yii2\db\Command.php(261): yii\db\Connection->getSlavePdo()
#3 C:\wamp64\www\yii2avanzado\vendor\yiisoft\yii2\db\Command.php(1163): yii\db\Command->prepare(true)
#4 C:\wamp64\www\yii2avanzado\vendor\yiisoft\yii2\db\Command.php(410): yii\db\Command->queryInternal('fetchAll', NULL)
#5 C:\wamp64\www\yii2avanzado\vendor\yiisoft\yii2\db\mysql\Schema.php(319): yii\db\Command->queryAll()
#6 C:\wamp64\www\yii2avanzado\vendor\yiisoft\yii2\db\mysql\Schema.php(125): yii\db\mysql\Schema->findColumns(Object(yii\db\TableSchema))
#7 C:\wamp64\www\yii2avanzado\vendor\yiisoft\yii2\db\Schema.php(758): yii\db\mysql\Schema->loadTableSchema('migration')
#8 C:\wamp64\www\yii2avanzado\vendor\yiisoft\yii2\db\Schema.php(194): yii\db\Schema->getTableMetadata('{{%migration}}', 'schema', true)
#9 C:\wamp64\www\yii2avanzado\vendor\yiisoft\yii2\console\controllers\MigrateController.php(211): yii\db\Schema->getTableSchema('{{%migration}}', true)
#10 C:\wamp64\www\yii2avanzado\vendor\yiisoft\yii2\console\controllers\BaseMigrateController.php(908): yii\console\controllers\MigrateController->getMigrationHistory(NULL)
#11 C:\wamp64\www\yii2avanzado\vendor\yiisoft\yii2\console\controllers\BaseMigrateController.php(183): yii\console\controllers\BaseMigrateController->getNewMigrations()
#12 [internal function]: yii\console\controllers\BaseMigrateController->actionUp(0)
#13 C:\wamp64\www\yii2avanzado\vendor\yiisoft\yii2\base\InlineAction.php(57): call_user_func_array(Array, Array)
#14 C:\wamp64\www\yii2avanzado\vendor\yiisoft\yii2\base\Controller.php(181): yii\base\InlineAction->runWithParams(Array)
#15 C:\wamp64\www\yii2avanzado\vendor\yiisoft\yii2\console\Controller.php(184): yii\base\Controller->runAction('', Array)
#16 C:\wamp64\www\yii2avanzado\vendor\yiisoft\yii2\base\Module.php(534): yii\console\Controller->runAction('', Array)
#17 C:\wamp64\www\yii2avanzado\vendor\yiisoft\yii2\console\Application.php(181): yii\base\Module->runAction('migrate', Array)
#18 C:\wamp64\www\yii2avanzado\vendor\yiisoft\yii2\console\Application.php(148): yii\console\Application->runAction('migrate', Array)
#19 C:\wamp64\www\yii2avanzado\vendor\yiisoft\yii2\base\Application.php(392): yii\console\Application->handleRequest(Object(yii\console\Request))
#20 C:\wamp64\www\yii2avanzado\yii(23): yii\base\Application->run()
#21 {main}
Additional Information:

2021-09-09 03:33:07 [-][-][-][info][application] $_GET = []

$_POST = []

$_FILES = []

$_COOKIE = []

$_SERVER = [
    'ALLUSERSPROFILE' => 'C:\\ProgramData'
    'APPDATA' => 'C:\\Users\\Nanci Uicab\\AppData\\Roaming'
    'CommonProgramFiles' => 'C:\\Program Files\\Common Files'
    'CommonProgramFiles(x86)' => 'C:\\Program Files (x86)\\Common Files'
    'CommonProgramW6432' => 'C:\\Program Files\\Common Files'
    'COMPUTERNAME' => 'LAPTOP-GBOC8SBU'
    'ComSpec' => 'C:\\WINDOWS\\system32\\cmd.exe'
    'DriverData' => 'C:\\Windows\\System32\\Drivers\\DriverData'
    'ESET_OPTIONS' => '                                                                                                                                                                                                                                                                                                                                                                                                                                                                                                                               '
    'FPS_BROWSER_APP_PROFILE_STRING' => 'Internet Explorer'
    'FPS_BROWSER_USER_PROFILE_STRING' => 'Default'
    'HOMEDRIVE' => 'C:'
    'HOMEPATH' => '\\Users\\Nanci Uicab'
    'INTEL_DEV_REDIST' => 'C:\\Program Files (x86)\\Common Files\\Intel\\Shared Libraries\\'
    'LOCALAPPDATA' => 'C:\\Users\\Nanci Uicab\\AppData\\Local'
    'LOGONSERVER' => '\\\\LAPTOP-GBOC8SBU'
    'MIC_LD_LIBRARY_PATH' => 'C:\\Program Files (x86)\\Common Files\\Intel\\Shared Libraries\\compiler\\lib\\mic'
    'NUMBER_OF_PROCESSORS' => '4'
    'OneDrive' => 'C:\\Users\\Nanci Uicab\\OneDrive'
    'OS' => 'Windows_NT'
    'Path' => 'C:\\Program Files (x86)\\Common Files\\Intel\\Shared Libraries\\redist\\intel64\\compiler;C:\\Program Files\\Rockwell Software\\RSCommon;C:\\ProgramData\\Oracle\\Java\\javapath;C:\\Program Files (x86)\\Intel\\iCLS Client\\;C:\\Program Files\\Intel\\iCLS Client\\;C:\\WINDOWS\\system32;C:\\WINDOWS;C:\\WINDOWS\\System32\\Wbem;C:\\WINDOWS\\System32\\WindowsPowerShell\\v1.0\\;C:\\WINDOWS\\System32\\OpenSSH\\;C:\\Program Files (x86)\\Intel\\Intel(R) Management Engine Components\\DAL;C:\\Program Files\\Intel\\Intel(R) Management Engine Components\\DAL;C:\\Program Files (x86)\\Intel\\Intel(R) Management Engine Components\\IPT;C:\\Program Files\\Intel\\Intel(R) Management Engine Components\\IPT;C:\\Program Files\\Microsoft SQL Server\\Client SDK\\ODBC\\170\\Tools\\Binn\\;C:\\Program Files (x86)\\Microsoft SQL Server\\150\\Tools\\Binn\\;C:\\Program Files\\Microsoft SQL Server\\150\\Tools\\Binn\\;C:\\Program Files\\Microsoft SQL Server\\150\\DTS\\Binn\\;C:\\Program Files (x86)\\Microsoft SQL Server\\150\\DTS\\Binn\\;C:\\Program Files\\Azure Data Studio\\bin;C:\\wamp64\\bin\\php\\php5.6.40;C:\\ProgramData\\ComposerSetup\\bin;C:\\Users\\Nanci Uicab\\AppData\\Local\\Programs\\Python\\Python39\\Scripts\\;C:\\Users\\Nanci Uicab\\AppData\\Local\\Programs\\Python\\Python39\\;C:\\Program Files\\MySQL\\MySQL Shell 8.0\\bin\\;C:\\Users\\Nanci Uicab\\AppData\\Local\\Microsoft\\WindowsApps;;C:\\Users\\Nanci Uicab\\AppData\\Local\\Programs\\Microsoft VS Code\\bin;C:\\Program Files\\Azure Data Studio\\bin;C:\\Users\\Nanci Uicab\\AppData\\Roaming\\Composer\\vendor\\bin'
    'PATHEXT' => '.COM;.EXE;.BAT;.CMD;.VBS;.VBE;.JS;.JSE;.WSF;.WSH;.MSC'
    'PHP_COMMAND' => 'php.exe'
    'PROCESSOR_ARCHITECTURE' => 'AMD64'
    'PROCESSOR_IDENTIFIER' => 'Intel64 Family 6 Model 61 Stepping 4, GenuineIntel'
    'PROCESSOR_LEVEL' => '6'
    'PROCESSOR_REVISION' => '3d04'
    'ProgramData' => 'C:\\ProgramData'
    'ProgramFiles' => 'C:\\Program Files'
    'ProgramFiles(x86)' => 'C:\\Program Files (x86)'
    'ProgramW6432' => 'C:\\Program Files'
    'PROMPT' => '$P$G'
    'PSModulePath' => 'C:\\Program Files\\WindowsPowerShell\\Modules;C:\\WINDOWS\\system32\\WindowsPowerShell\\v1.0\\Modules;C:\\Program Files (x86)\\Microsoft SQL Server\\150\\Tools\\PowerShell\\Modules\\'
    'PT7HOME' => 'C:\\Program Files\\Cisco Packet Tracer 7.3.1'
    'PUBLIC' => 'C:\\Users\\Public'
    'QT_DEVICE_PIXEL_RATIO' => 'auto'
    'SESSIONNAME' => 'Console'
    'SystemDrive' => 'C:'
    'SystemRoot' => 'C:\\WINDOWS'
    'TEMP' => 'C:\\Users\\NANCIU~1\\AppData\\Local\\Temp'
    'TMP' => 'C:\\Users\\NANCIU~1\\AppData\\Local\\Temp'
    'USERDOMAIN' => 'LAPTOP-GBOC8SBU'
    'USERDOMAIN_ROAMINGPROFILE' => 'LAPTOP-GBOC8SBU'
    'USERNAME' => 'Nanci Uicab'
    'USERPROFILE' => 'C:\\Users\\Nanci Uicab'
    'windir' => 'C:\\WINDOWS'
    'YII_PATH' => 'C:\\wamp64\\www\\yii2avanzado\\'
    'PHP_SELF' => 'C:\\wamp64\\www\\yii2avanzado\\yii'
    'SCRIPT_NAME' => 'C:\\wamp64\\www\\yii2avanzado\\yii'
    'SCRIPT_FILENAME' => 'C:\\wamp64\\www\\yii2avanzado\\yii'
    'PATH_TRANSLATED' => 'C:\\wamp64\\www\\yii2avanzado\\yii'
    'DOCUMENT_ROOT' => ''
    'REQUEST_TIME_FLOAT' => 1631158387.3609
    'REQUEST_TIME' => 1631158387
    'argv' => [
        0 => 'C:\\wamp64\\www\\yii2avanzado\\yii'
        1 => 'migrate'
    ]
    'argc' => 2
]
2021-09-09 03:35:14 [-][-][-][error][yii\db\Exception] exception 'PDOException' with message 'SQLSTATE[HY000] [1049] Unknown database 'yii2advanced'' in C:\wamp64\www\yii2avanzado\vendor\yiisoft\yii2\db\Connection.php:723
Stack trace:
#0 C:\wamp64\www\yii2avanzado\vendor\yiisoft\yii2\db\Connection.php(723): PDO->__construct('mysql:host=loca...', 'root', '', NULL)
#1 C:\wamp64\www\yii2avanzado\vendor\yiisoft\yii2\db\Connection.php(638): yii\db\Connection->createPdoInstance()
#2 C:\wamp64\www\yii2avanzado\vendor\yiisoft\yii2\db\Connection.php(1063): yii\db\Connection->open()
#3 C:\wamp64\www\yii2avanzado\vendor\yiisoft\yii2\db\Connection.php(1050): yii\db\Connection->getMasterPdo()
#4 C:\wamp64\www\yii2avanzado\vendor\yiisoft\yii2\db\Command.php(261): yii\db\Connection->getSlavePdo()
#5 C:\wamp64\www\yii2avanzado\vendor\yiisoft\yii2\db\Command.php(1163): yii\db\Command->prepare(true)
#6 C:\wamp64\www\yii2avanzado\vendor\yiisoft\yii2\db\Command.php(410): yii\db\Command->queryInternal('fetchAll', NULL)
#7 C:\wamp64\www\yii2avanzado\vendor\yiisoft\yii2\db\mysql\Schema.php(319): yii\db\Command->queryAll()
#8 C:\wamp64\www\yii2avanzado\vendor\yiisoft\yii2\db\mysql\Schema.php(125): yii\db\mysql\Schema->findColumns(Object(yii\db\TableSchema))
#9 C:\wamp64\www\yii2avanzado\vendor\yiisoft\yii2\db\Schema.php(758): yii\db\mysql\Schema->loadTableSchema('migration')
#10 C:\wamp64\www\yii2avanzado\vendor\yiisoft\yii2\db\Schema.php(194): yii\db\Schema->getTableMetadata('{{%migration}}', 'schema', true)
#11 C:\wamp64\www\yii2avanzado\vendor\yiisoft\yii2\console\controllers\MigrateController.php(211): yii\db\Schema->getTableSchema('{{%migration}}', true)
#12 C:\wamp64\www\yii2avanzado\vendor\yiisoft\yii2\console\controllers\BaseMigrateController.php(908): yii\console\controllers\MigrateController->getMigrationHistory(NULL)
#13 C:\wamp64\www\yii2avanzado\vendor\yiisoft\yii2\console\controllers\BaseMigrateController.php(183): yii\console\controllers\BaseMigrateController->getNewMigrations()
#14 [internal function]: yii\console\controllers\BaseMigrateController->actionUp(0)
#15 C:\wamp64\www\yii2avanzado\vendor\yiisoft\yii2\base\InlineAction.php(57): call_user_func_array(Array, Array)
#16 C:\wamp64\www\yii2avanzado\vendor\yiisoft\yii2\base\Controller.php(181): yii\base\InlineAction->runWithParams(Array)
#17 C:\wamp64\www\yii2avanzado\vendor\yiisoft\yii2\console\Controller.php(184): yii\base\Controller->runAction('', Array)
#18 C:\wamp64\www\yii2avanzado\vendor\yiisoft\yii2\base\Module.php(534): yii\console\Controller->runAction('', Array)
#19 C:\wamp64\www\yii2avanzado\vendor\yiisoft\yii2\console\Application.php(181): yii\base\Module->runAction('migrate', Array)
#20 C:\wamp64\www\yii2avanzado\vendor\yiisoft\yii2\console\Application.php(148): yii\console\Application->runAction('migrate', Array)
#21 C:\wamp64\www\yii2avanzado\vendor\yiisoft\yii2\base\Application.php(392): yii\console\Application->handleRequest(Object(yii\console\Request))
#22 C:\wamp64\www\yii2avanzado\yii(23): yii\base\Application->run()
#23 {main}

Next exception 'yii\db\Exception' with message 'SQLSTATE[HY000] [1049] Unknown database 'yii2advanced'' in C:\wamp64\www\yii2avanzado\vendor\yiisoft\yii2\db\Connection.php:649
Stack trace:
#0 C:\wamp64\www\yii2avanzado\vendor\yiisoft\yii2\db\Connection.php(1063): yii\db\Connection->open()
#1 C:\wamp64\www\yii2avanzado\vendor\yiisoft\yii2\db\Connection.php(1050): yii\db\Connection->getMasterPdo()
#2 C:\wamp64\www\yii2avanzado\vendor\yiisoft\yii2\db\Command.php(261): yii\db\Connection->getSlavePdo()
#3 C:\wamp64\www\yii2avanzado\vendor\yiisoft\yii2\db\Command.php(1163): yii\db\Command->prepare(true)
#4 C:\wamp64\www\yii2avanzado\vendor\yiisoft\yii2\db\Command.php(410): yii\db\Command->queryInternal('fetchAll', NULL)
#5 C:\wamp64\www\yii2avanzado\vendor\yiisoft\yii2\db\mysql\Schema.php(319): yii\db\Command->queryAll()
#6 C:\wamp64\www\yii2avanzado\vendor\yiisoft\yii2\db\mysql\Schema.php(125): yii\db\mysql\Schema->findColumns(Object(yii\db\TableSchema))
#7 C:\wamp64\www\yii2avanzado\vendor\yiisoft\yii2\db\Schema.php(758): yii\db\mysql\Schema->loadTableSchema('migration')
#8 C:\wamp64\www\yii2avanzado\vendor\yiisoft\yii2\db\Schema.php(194): yii\db\Schema->getTableMetadata('{{%migration}}', 'schema', true)
#9 C:\wamp64\www\yii2avanzado\vendor\yiisoft\yii2\console\controllers\MigrateController.php(211): yii\db\Schema->getTableSchema('{{%migration}}', true)
#10 C:\wamp64\www\yii2avanzado\vendor\yiisoft\yii2\console\controllers\BaseMigrateController.php(908): yii\console\controllers\MigrateController->getMigrationHistory(NULL)
#11 C:\wamp64\www\yii2avanzado\vendor\yiisoft\yii2\console\controllers\BaseMigrateController.php(183): yii\console\controllers\BaseMigrateController->getNewMigrations()
#12 [internal function]: yii\console\controllers\BaseMigrateController->actionUp(0)
#13 C:\wamp64\www\yii2avanzado\vendor\yiisoft\yii2\base\InlineAction.php(57): call_user_func_array(Array, Array)
#14 C:\wamp64\www\yii2avanzado\vendor\yiisoft\yii2\base\Controller.php(181): yii\base\InlineAction->runWithParams(Array)
#15 C:\wamp64\www\yii2avanzado\vendor\yiisoft\yii2\console\Controller.php(184): yii\base\Controller->runAction('', Array)
#16 C:\wamp64\www\yii2avanzado\vendor\yiisoft\yii2\base\Module.php(534): yii\console\Controller->runAction('', Array)
#17 C:\wamp64\www\yii2avanzado\vendor\yiisoft\yii2\console\Application.php(181): yii\base\Module->runAction('migrate', Array)
#18 C:\wamp64\www\yii2avanzado\vendor\yiisoft\yii2\console\Application.php(148): yii\console\Application->runAction('migrate', Array)
#19 C:\wamp64\www\yii2avanzado\vendor\yiisoft\yii2\base\Application.php(392): yii\console\Application->handleRequest(Object(yii\console\Request))
#20 C:\wamp64\www\yii2avanzado\yii(23): yii\base\Application->run()
#21 {main}
Additional Information:

2021-09-09 03:35:14 [-][-][-][info][application] $_GET = []

$_POST = []

$_FILES = []

$_COOKIE = []

$_SERVER = [
    'ALLUSERSPROFILE' => 'C:\\ProgramData'
    'APPDATA' => 'C:\\Users\\Nanci Uicab\\AppData\\Roaming'
    'CommonProgramFiles' => 'C:\\Program Files\\Common Files'
    'CommonProgramFiles(x86)' => 'C:\\Program Files (x86)\\Common Files'
    'CommonProgramW6432' => 'C:\\Program Files\\Common Files'
    'COMPUTERNAME' => 'LAPTOP-GBOC8SBU'
    'ComSpec' => 'C:\\WINDOWS\\system32\\cmd.exe'
    'DriverData' => 'C:\\Windows\\System32\\Drivers\\DriverData'
    'ESET_OPTIONS' => '                                                                                                                                                                                                                                                                                                                                                                                                                                                                                                                               '
    'FPS_BROWSER_APP_PROFILE_STRING' => 'Internet Explorer'
    'FPS_BROWSER_USER_PROFILE_STRING' => 'Default'
    'HOMEDRIVE' => 'C:'
    'HOMEPATH' => '\\Users\\Nanci Uicab'
    'INTEL_DEV_REDIST' => 'C:\\Program Files (x86)\\Common Files\\Intel\\Shared Libraries\\'
    'LOCALAPPDATA' => 'C:\\Users\\Nanci Uicab\\AppData\\Local'
    'LOGONSERVER' => '\\\\LAPTOP-GBOC8SBU'
    'MIC_LD_LIBRARY_PATH' => 'C:\\Program Files (x86)\\Common Files\\Intel\\Shared Libraries\\compiler\\lib\\mic'
    'NUMBER_OF_PROCESSORS' => '4'
    'OneDrive' => 'C:\\Users\\Nanci Uicab\\OneDrive'
    'OS' => 'Windows_NT'
    'Path' => 'C:\\Program Files (x86)\\Common Files\\Intel\\Shared Libraries\\redist\\intel64\\compiler;C:\\Program Files\\Rockwell Software\\RSCommon;C:\\ProgramData\\Oracle\\Java\\javapath;C:\\Program Files (x86)\\Intel\\iCLS Client\\;C:\\Program Files\\Intel\\iCLS Client\\;C:\\WINDOWS\\system32;C:\\WINDOWS;C:\\WINDOWS\\System32\\Wbem;C:\\WINDOWS\\System32\\WindowsPowerShell\\v1.0\\;C:\\WINDOWS\\System32\\OpenSSH\\;C:\\Program Files (x86)\\Intel\\Intel(R) Management Engine Components\\DAL;C:\\Program Files\\Intel\\Intel(R) Management Engine Components\\DAL;C:\\Program Files (x86)\\Intel\\Intel(R) Management Engine Components\\IPT;C:\\Program Files\\Intel\\Intel(R) Management Engine Components\\IPT;C:\\Program Files\\Microsoft SQL Server\\Client SDK\\ODBC\\170\\Tools\\Binn\\;C:\\Program Files (x86)\\Microsoft SQL Server\\150\\Tools\\Binn\\;C:\\Program Files\\Microsoft SQL Server\\150\\Tools\\Binn\\;C:\\Program Files\\Microsoft SQL Server\\150\\DTS\\Binn\\;C:\\Program Files (x86)\\Microsoft SQL Server\\150\\DTS\\Binn\\;C:\\Program Files\\Azure Data Studio\\bin;C:\\wamp64\\bin\\php\\php5.6.40;C:\\ProgramData\\ComposerSetup\\bin;C:\\Users\\Nanci Uicab\\AppData\\Local\\Programs\\Python\\Python39\\Scripts\\;C:\\Users\\Nanci Uicab\\AppData\\Local\\Programs\\Python\\Python39\\;C:\\Program Files\\MySQL\\MySQL Shell 8.0\\bin\\;C:\\Users\\Nanci Uicab\\AppData\\Local\\Microsoft\\WindowsApps;;C:\\Users\\Nanci Uicab\\AppData\\Local\\Programs\\Microsoft VS Code\\bin;C:\\Program Files\\Azure Data Studio\\bin;C:\\Users\\Nanci Uicab\\AppData\\Roaming\\Composer\\vendor\\bin'
    'PATHEXT' => '.COM;.EXE;.BAT;.CMD;.VBS;.VBE;.JS;.JSE;.WSF;.WSH;.MSC'
    'PHP_COMMAND' => 'php.exe'
    'PROCESSOR_ARCHITECTURE' => 'AMD64'
    'PROCESSOR_IDENTIFIER' => 'Intel64 Family 6 Model 61 Stepping 4, GenuineIntel'
    'PROCESSOR_LEVEL' => '6'
    'PROCESSOR_REVISION' => '3d04'
    'ProgramData' => 'C:\\ProgramData'
    'ProgramFiles' => 'C:\\Program Files'
    'ProgramFiles(x86)' => 'C:\\Program Files (x86)'
    'ProgramW6432' => 'C:\\Program Files'
    'PROMPT' => '$P$G'
    'PSModulePath' => 'C:\\Program Files\\WindowsPowerShell\\Modules;C:\\WINDOWS\\system32\\WindowsPowerShell\\v1.0\\Modules;C:\\Program Files (x86)\\Microsoft SQL Server\\150\\Tools\\PowerShell\\Modules\\'
    'PT7HOME' => 'C:\\Program Files\\Cisco Packet Tracer 7.3.1'
    'PUBLIC' => 'C:\\Users\\Public'
    'QT_DEVICE_PIXEL_RATIO' => 'auto'
    'SESSIONNAME' => 'Console'
    'SystemDrive' => 'C:'
    'SystemRoot' => 'C:\\WINDOWS'
    'TEMP' => 'C:\\Users\\NANCIU~1\\AppData\\Local\\Temp'
    'TMP' => 'C:\\Users\\NANCIU~1\\AppData\\Local\\Temp'
    'USERDOMAIN' => 'LAPTOP-GBOC8SBU'
    'USERDOMAIN_ROAMINGPROFILE' => 'LAPTOP-GBOC8SBU'
    'USERNAME' => 'Nanci Uicab'
    'USERPROFILE' => 'C:\\Users\\Nanci Uicab'
    'windir' => 'C:\\WINDOWS'
    'YII_PATH' => 'C:\\wamp64\\www\\yii2avanzado\\'
    'PHP_SELF' => 'C:\\wamp64\\www\\yii2avanzado\\yii'
    'SCRIPT_NAME' => 'C:\\wamp64\\www\\yii2avanzado\\yii'
    'SCRIPT_FILENAME' => 'C:\\wamp64\\www\\yii2avanzado\\yii'
    'PATH_TRANSLATED' => 'C:\\wamp64\\www\\yii2avanzado\\yii'
    'DOCUMENT_ROOT' => ''
    'REQUEST_TIME_FLOAT' => 1631158514.4008
    'REQUEST_TIME' => 1631158514
    'argv' => [
        0 => 'C:\\wamp64\\www\\yii2avanzado\\yii'
        1 => 'migrate'
    ]
    'argc' => 2
]
2021-09-09 03:37:19 [-][-][-][error][yii\db\Exception] exception 'PDOException' with message 'SQLSTATE[HY000] [1049] Unknown database 'yii2advanced'' in C:\wamp64\www\yii2avanzado\vendor\yiisoft\yii2\db\Connection.php:723
Stack trace:
#0 C:\wamp64\www\yii2avanzado\vendor\yiisoft\yii2\db\Connection.php(723): PDO->__construct('mysql:host=loca...', 'root', '', NULL)
#1 C:\wamp64\www\yii2avanzado\vendor\yiisoft\yii2\db\Connection.php(638): yii\db\Connection->createPdoInstance()
#2 C:\wamp64\www\yii2avanzado\vendor\yiisoft\yii2\db\Connection.php(1063): yii\db\Connection->open()
#3 C:\wamp64\www\yii2avanzado\vendor\yiisoft\yii2\db\Connection.php(1050): yii\db\Connection->getMasterPdo()
#4 C:\wamp64\www\yii2avanzado\vendor\yiisoft\yii2\db\Command.php(261): yii\db\Connection->getSlavePdo()
#5 C:\wamp64\www\yii2avanzado\vendor\yiisoft\yii2\db\Command.php(1163): yii\db\Command->prepare(true)
#6 C:\wamp64\www\yii2avanzado\vendor\yiisoft\yii2\db\Command.php(410): yii\db\Command->queryInternal('fetchAll', NULL)
#7 C:\wamp64\www\yii2avanzado\vendor\yiisoft\yii2\db\mysql\Schema.php(319): yii\db\Command->queryAll()
#8 C:\wamp64\www\yii2avanzado\vendor\yiisoft\yii2\db\mysql\Schema.php(125): yii\db\mysql\Schema->findColumns(Object(yii\db\TableSchema))
#9 C:\wamp64\www\yii2avanzado\vendor\yiisoft\yii2\db\Schema.php(758): yii\db\mysql\Schema->loadTableSchema('migration')
#10 C:\wamp64\www\yii2avanzado\vendor\yiisoft\yii2\db\Schema.php(194): yii\db\Schema->getTableMetadata('{{%migration}}', 'schema', true)
#11 C:\wamp64\www\yii2avanzado\vendor\yiisoft\yii2\console\controllers\MigrateController.php(211): yii\db\Schema->getTableSchema('{{%migration}}', true)
#12 C:\wamp64\www\yii2avanzado\vendor\yiisoft\yii2\console\controllers\BaseMigrateController.php(908): yii\console\controllers\MigrateController->getMigrationHistory(NULL)
#13 C:\wamp64\www\yii2avanzado\vendor\yiisoft\yii2\console\controllers\BaseMigrateController.php(183): yii\console\controllers\BaseMigrateController->getNewMigrations()
#14 [internal function]: yii\console\controllers\BaseMigrateController->actionUp(0)
#15 C:\wamp64\www\yii2avanzado\vendor\yiisoft\yii2\base\InlineAction.php(57): call_user_func_array(Array, Array)
#16 C:\wamp64\www\yii2avanzado\vendor\yiisoft\yii2\base\Controller.php(181): yii\base\InlineAction->runWithParams(Array)
#17 C:\wamp64\www\yii2avanzado\vendor\yiisoft\yii2\console\Controller.php(184): yii\base\Controller->runAction('', Array)
#18 C:\wamp64\www\yii2avanzado\vendor\yiisoft\yii2\base\Module.php(534): yii\console\Controller->runAction('', Array)
#19 C:\wamp64\www\yii2avanzado\vendor\yiisoft\yii2\console\Application.php(181): yii\base\Module->runAction('migrate', Array)
#20 C:\wamp64\www\yii2avanzado\vendor\yiisoft\yii2\console\Application.php(148): yii\console\Application->runAction('migrate', Array)
#21 C:\wamp64\www\yii2avanzado\vendor\yiisoft\yii2\base\Application.php(392): yii\console\Application->handleRequest(Object(yii\console\Request))
#22 C:\wamp64\www\yii2avanzado\yii(23): yii\base\Application->run()
#23 {main}

Next exception 'yii\db\Exception' with message 'SQLSTATE[HY000] [1049] Unknown database 'yii2advanced'' in C:\wamp64\www\yii2avanzado\vendor\yiisoft\yii2\db\Connection.php:649
Stack trace:
#0 C:\wamp64\www\yii2avanzado\vendor\yiisoft\yii2\db\Connection.php(1063): yii\db\Connection->open()
#1 C:\wamp64\www\yii2avanzado\vendor\yiisoft\yii2\db\Connection.php(1050): yii\db\Connection->getMasterPdo()
#2 C:\wamp64\www\yii2avanzado\vendor\yiisoft\yii2\db\Command.php(261): yii\db\Connection->getSlavePdo()
#3 C:\wamp64\www\yii2avanzado\vendor\yiisoft\yii2\db\Command.php(1163): yii\db\Command->prepare(true)
#4 C:\wamp64\www\yii2avanzado\vendor\yiisoft\yii2\db\Command.php(410): yii\db\Command->queryInternal('fetchAll', NULL)
#5 C:\wamp64\www\yii2avanzado\vendor\yiisoft\yii2\db\mysql\Schema.php(319): yii\db\Command->queryAll()
#6 C:\wamp64\www\yii2avanzado\vendor\yiisoft\yii2\db\mysql\Schema.php(125): yii\db\mysql\Schema->findColumns(Object(yii\db\TableSchema))
#7 C:\wamp64\www\yii2avanzado\vendor\yiisoft\yii2\db\Schema.php(758): yii\db\mysql\Schema->loadTableSchema('migration')
#8 C:\wamp64\www\yii2avanzado\vendor\yiisoft\yii2\db\Schema.php(194): yii\db\Schema->getTableMetadata('{{%migration}}', 'schema', true)
#9 C:\wamp64\www\yii2avanzado\vendor\yiisoft\yii2\console\controllers\MigrateController.php(211): yii\db\Schema->getTableSchema('{{%migration}}', true)
#10 C:\wamp64\www\yii2avanzado\vendor\yiisoft\yii2\console\controllers\BaseMigrateController.php(908): yii\console\controllers\MigrateController->getMigrationHistory(NULL)
#11 C:\wamp64\www\yii2avanzado\vendor\yiisoft\yii2\console\controllers\BaseMigrateController.php(183): yii\console\controllers\BaseMigrateController->getNewMigrations()
#12 [internal function]: yii\console\controllers\BaseMigrateController->actionUp(0)
#13 C:\wamp64\www\yii2avanzado\vendor\yiisoft\yii2\base\InlineAction.php(57): call_user_func_array(Array, Array)
#14 C:\wamp64\www\yii2avanzado\vendor\yiisoft\yii2\base\Controller.php(181): yii\base\InlineAction->runWithParams(Array)
#15 C:\wamp64\www\yii2avanzado\vendor\yiisoft\yii2\console\Controller.php(184): yii\base\Controller->runAction('', Array)
#16 C:\wamp64\www\yii2avanzado\vendor\yiisoft\yii2\base\Module.php(534): yii\console\Controller->runAction('', Array)
#17 C:\wamp64\www\yii2avanzado\vendor\yiisoft\yii2\console\Application.php(181): yii\base\Module->runAction('migrate', Array)
#18 C:\wamp64\www\yii2avanzado\vendor\yiisoft\yii2\console\Application.php(148): yii\console\Application->runAction('migrate', Array)
#19 C:\wamp64\www\yii2avanzado\vendor\yiisoft\yii2\base\Application.php(392): yii\console\Application->handleRequest(Object(yii\console\Request))
#20 C:\wamp64\www\yii2avanzado\yii(23): yii\base\Application->run()
#21 {main}
Additional Information:

2021-09-09 03:37:19 [-][-][-][info][application] $_GET = []

$_POST = []

$_FILES = []

$_COOKIE = []

$_SERVER = [
    'ALLUSERSPROFILE' => 'C:\\ProgramData'
    'APPDATA' => 'C:\\Users\\Nanci Uicab\\AppData\\Roaming'
    'CommonProgramFiles' => 'C:\\Program Files\\Common Files'
    'CommonProgramFiles(x86)' => 'C:\\Program Files (x86)\\Common Files'
    'CommonProgramW6432' => 'C:\\Program Files\\Common Files'
    'COMPUTERNAME' => 'LAPTOP-GBOC8SBU'
    'ComSpec' => 'C:\\WINDOWS\\system32\\cmd.exe'
    'DriverData' => 'C:\\Windows\\System32\\Drivers\\DriverData'
    'ESET_OPTIONS' => '                                                                                                                                                                                                                                                                                                                                                                                                                                                                                                                               '
    'FPS_BROWSER_APP_PROFILE_STRING' => 'Internet Explorer'
    'FPS_BROWSER_USER_PROFILE_STRING' => 'Default'
    'HOMEDRIVE' => 'C:'
    'HOMEPATH' => '\\Users\\Nanci Uicab'
    'INTEL_DEV_REDIST' => 'C:\\Program Files (x86)\\Common Files\\Intel\\Shared Libraries\\'
    'LOCALAPPDATA' => 'C:\\Users\\Nanci Uicab\\AppData\\Local'
    'LOGONSERVER' => '\\\\LAPTOP-GBOC8SBU'
    'MIC_LD_LIBRARY_PATH' => 'C:\\Program Files (x86)\\Common Files\\Intel\\Shared Libraries\\compiler\\lib\\mic'
    'NUMBER_OF_PROCESSORS' => '4'
    'OneDrive' => 'C:\\Users\\Nanci Uicab\\OneDrive'
    'OS' => 'Windows_NT'
    'Path' => 'C:\\Program Files (x86)\\Common Files\\Intel\\Shared Libraries\\redist\\intel64\\compiler;C:\\Program Files\\Rockwell Software\\RSCommon;C:\\ProgramData\\Oracle\\Java\\javapath;C:\\Program Files (x86)\\Intel\\iCLS Client\\;C:\\Program Files\\Intel\\iCLS Client\\;C:\\WINDOWS\\system32;C:\\WINDOWS;C:\\WINDOWS\\System32\\Wbem;C:\\WINDOWS\\System32\\WindowsPowerShell\\v1.0\\;C:\\WINDOWS\\System32\\OpenSSH\\;C:\\Program Files (x86)\\Intel\\Intel(R) Management Engine Components\\DAL;C:\\Program Files\\Intel\\Intel(R) Management Engine Components\\DAL;C:\\Program Files (x86)\\Intel\\Intel(R) Management Engine Components\\IPT;C:\\Program Files\\Intel\\Intel(R) Management Engine Components\\IPT;C:\\Program Files\\Microsoft SQL Server\\Client SDK\\ODBC\\170\\Tools\\Binn\\;C:\\Program Files (x86)\\Microsoft SQL Server\\150\\Tools\\Binn\\;C:\\Program Files\\Microsoft SQL Server\\150\\Tools\\Binn\\;C:\\Program Files\\Microsoft SQL Server\\150\\DTS\\Binn\\;C:\\Program Files (x86)\\Microsoft SQL Server\\150\\DTS\\Binn\\;C:\\Program Files\\Azure Data Studio\\bin;C:\\wamp64\\bin\\php\\php5.6.40;C:\\ProgramData\\ComposerSetup\\bin;C:\\Users\\Nanci Uicab\\AppData\\Local\\Programs\\Python\\Python39\\Scripts\\;C:\\Users\\Nanci Uicab\\AppData\\Local\\Programs\\Python\\Python39\\;C:\\Program Files\\MySQL\\MySQL Shell 8.0\\bin\\;C:\\Users\\Nanci Uicab\\AppData\\Local\\Microsoft\\WindowsApps;;C:\\Users\\Nanci Uicab\\AppData\\Local\\Programs\\Microsoft VS Code\\bin;C:\\Program Files\\Azure Data Studio\\bin;C:\\Users\\Nanci Uicab\\AppData\\Roaming\\Composer\\vendor\\bin'
    'PATHEXT' => '.COM;.EXE;.BAT;.CMD;.VBS;.VBE;.JS;.JSE;.WSF;.WSH;.MSC'
    'PHP_COMMAND' => 'php.exe'
    'PROCESSOR_ARCHITECTURE' => 'AMD64'
    'PROCESSOR_IDENTIFIER' => 'Intel64 Family 6 Model 61 Stepping 4, GenuineIntel'
    'PROCESSOR_LEVEL' => '6'
    'PROCESSOR_REVISION' => '3d04'
    'ProgramData' => 'C:\\ProgramData'
    'ProgramFiles' => 'C:\\Program Files'
    'ProgramFiles(x86)' => 'C:\\Program Files (x86)'
    'ProgramW6432' => 'C:\\Program Files'
    'PROMPT' => '$P$G'
    'PSModulePath' => 'C:\\Program Files\\WindowsPowerShell\\Modules;C:\\WINDOWS\\system32\\WindowsPowerShell\\v1.0\\Modules;C:\\Program Files (x86)\\Microsoft SQL Server\\150\\Tools\\PowerShell\\Modules\\'
    'PT7HOME' => 'C:\\Program Files\\Cisco Packet Tracer 7.3.1'
    'PUBLIC' => 'C:\\Users\\Public'
    'QT_DEVICE_PIXEL_RATIO' => 'auto'
    'SESSIONNAME' => 'Console'
    'SystemDrive' => 'C:'
    'SystemRoot' => 'C:\\WINDOWS'
    'TEMP' => 'C:\\Users\\NANCIU~1\\AppData\\Local\\Temp'
    'TMP' => 'C:\\Users\\NANCIU~1\\AppData\\Local\\Temp'
    'USERDOMAIN' => 'LAPTOP-GBOC8SBU'
    'USERDOMAIN_ROAMINGPROFILE' => 'LAPTOP-GBOC8SBU'
    'USERNAME' => 'Nanci Uicab'
    'USERPROFILE' => 'C:\\Users\\Nanci Uicab'
    'windir' => 'C:\\WINDOWS'
    'YII_PATH' => 'C:\\wamp64\\www\\yii2avanzado\\'
    'PHP_SELF' => 'C:\\wamp64\\www\\yii2avanzado\\yii'
    'SCRIPT_NAME' => 'C:\\wamp64\\www\\yii2avanzado\\yii'
    'SCRIPT_FILENAME' => 'C:\\wamp64\\www\\yii2avanzado\\yii'
    'PATH_TRANSLATED' => 'C:\\wamp64\\www\\yii2avanzado\\yii'
    'DOCUMENT_ROOT' => ''
    'REQUEST_TIME_FLOAT' => 1631158639.3772
    'REQUEST_TIME' => 1631158639
    'argv' => [
        0 => 'C:\\wamp64\\www\\yii2avanzado\\yii'
        1 => 'migrate'
    ]
    'argc' => 2
]
